<?xml version="1.0" encoding="UTF-8"?>
<!-- Generated by org.testng.reporters.JUnitReportReporter -->
<testsuite hostname="Srivardhan" failures="0" tests="1" name="testCases.TC001_AccountLogin" time="1.285" errors="0" timestamp="2023-11-13T22:46:37 IST" skipped="0">
  <testcase classname="testCases.TC001_AccountLogin" name="test_account_login" time="1.285"/>
  <system-out/>
</testsuite> <!-- testCases.TC001_AccountLogin -->
